<?xml version="1.0" encoding="UTF-8"?>
<!-- Generated by org.testng.reporters.JUnitXMLReporter -->
<testsuite ignored="0" hostname="Ajit-CS" failures="0" tests="3" name="Test" time="7.395" errors="0" timestamp="2024-11-17T23:08:09 IST">
  <testcase classname="com.cs.tests.GetTitleTest" name="testgetTitle" time="0.033"/>
  <testcase classname="com.cs.tests.GetTitleTest" name="testgetTitles" time="0.186"/>
  <testcase classname="com.cs.tests.AmazoneTestCase" name="testAmazoneFlow" time="3.137"/>
</testsuite> <!-- Test -->
