<?xml version="1.0" encoding="UTF-8"?>
<testng-results ignored="0" total="3" passed="3" failed="0" skipped="0">
  <reporter-output>
  </reporter-output>
  <suite started-at="2024-11-17T18:02:14 GMT" name="Suite" finished-at="2024-11-17T18:02:32 GMT" duration-ms="17568">
    <groups>
    </groups>
    <test started-at="2024-11-17T18:02:14 GMT" name="Test" finished-at="2024-11-17T18:02:32 GMT" duration-ms="17568">
      <class name="com.cs.tests.GetTitleTest">
        <test-method is-config="true" signature="setup()[pri:0, instance:com.cs.tests.GetTitleTest@c03cf28]" started-at="2024-11-17T18:02:25 GMT" name="setup" finished-at="2024-11-17T18:02:28 GMT" duration-ms="2993" status="PASS">
          <reporter-output>
          </reporter-output>
        </test-method> <!-- setup -->
        <test-method signature="testgetTitle()[pri:0, instance:com.cs.tests.GetTitleTest@c03cf28]" started-at="2024-11-17T18:02:28 GMT" name="testgetTitle" description="this is get title" finished-at="2024-11-17T18:02:28 GMT" duration-ms="18" status="PASS">
          <reporter-output>
          </reporter-output>
        </test-method> <!-- testgetTitle -->
        <test-method is-config="true" signature="teardown()[pri:0, instance:com.cs.tests.GetTitleTest@c03cf28]" started-at="2024-11-17T18:02:29 GMT" name="teardown" finished-at="2024-11-17T18:02:29 GMT" duration-ms="99" status="PASS">
          <reporter-output>
          </reporter-output>
        </test-method> <!-- teardown -->
        <test-method is-config="true" signature="setup()[pri:0, instance:com.cs.tests.GetTitleTest@c03cf28]" started-at="2024-11-17T18:02:29 GMT" name="setup" finished-at="2024-11-17T18:02:31 GMT" duration-ms="2474" status="PASS">
          <reporter-output>
          </reporter-output>
        </test-method> <!-- setup -->
        <test-method signature="testgetTitles()[pri:0, instance:com.cs.tests.GetTitleTest@c03cf28]" started-at="2024-11-17T18:02:31 GMT" name="testgetTitles" description="this is get titles" finished-at="2024-11-17T18:02:31 GMT" duration-ms="80" status="PASS">
          <reporter-output>
          </reporter-output>
        </test-method> <!-- testgetTitles -->
        <test-method is-config="true" signature="teardown()[pri:0, instance:com.cs.tests.GetTitleTest@c03cf28]" started-at="2024-11-17T18:02:31 GMT" name="teardown" finished-at="2024-11-17T18:02:32 GMT" duration-ms="93" status="PASS">
          <reporter-output>
          </reporter-output>
        </test-method> <!-- teardown -->
      </class> <!-- com.cs.tests.GetTitleTest -->
      <class name="com.cs.tests.AmazoneTestCase">
        <test-method is-config="true" signature="setup()[pri:0, instance:com.cs.tests.AmazoneTestCase@1356d4d4]" started-at="2024-11-17T18:02:15 GMT" name="setup" finished-at="2024-11-17T18:02:18 GMT" duration-ms="3244" status="PASS">
          <reporter-output>
          </reporter-output>
        </test-method> <!-- setup -->
        <test-method signature="testAmazoneFlow()[pri:0, instance:com.cs.tests.AmazoneTestCase@1356d4d4]" started-at="2024-11-17T18:02:18 GMT" name="testAmazoneFlow" description="this is amazon Menu buton click flow" finished-at="2024-11-17T18:02:22 GMT" duration-ms="4200" status="PASS">
          <reporter-output>
          </reporter-output>
        </test-method> <!-- testAmazoneFlow -->
        <test-method is-config="true" signature="teardown()[pri:0, instance:com.cs.tests.AmazoneTestCase@1356d4d4]" started-at="2024-11-17T18:02:25 GMT" name="teardown" finished-at="2024-11-17T18:02:25 GMT" duration-ms="488" status="PASS">
          <reporter-output>
          </reporter-output>
        </test-method> <!-- teardown -->
      </class> <!-- com.cs.tests.AmazoneTestCase -->
    </test> <!-- Test -->
  </suite> <!-- Suite -->
</testng-results>
